2025-08-02T15:38:00.787-04:00  INFO 22735 --- [main] com.workflow.practice.Application        : Starting Application using Java 21.0.8 with PID 22735 (/Users/sapnanaveen/Documents/JavaProjects/camundaWithSpringboot/newCamunda-app/target/classes started by sapnanaveen in /Users/sapnanaveen/Documents/JavaProjects/camundaWithSpringboot/newCamunda-app)
2025-08-02T15:38:00.794-04:00  INFO 22735 --- [main] com.workflow.practice.Application        : No active profile set, falling back to 1 default profile: "default"
2025-08-02T15:38:02.762-04:00  INFO 22735 --- [main] o.s.b.w.embedded.tomcat.TomcatWebServer  : Tomcat initialized with port 8080 (http)
2025-08-02T15:38:02.803-04:00  INFO 22735 --- [main] o.apache.catalina.core.StandardService   : Starting service [Tomcat]
2025-08-02T15:38:02.804-04:00  INFO 22735 --- [main] o.apache.catalina.core.StandardEngine    : Starting Servlet engine: [Apache Tomcat/10.1.39]
2025-08-02T15:38:02.899-04:00  INFO 22735 --- [main] o.a.c.c.C.[Tomcat].[localhost].[/]       : Initializing Spring embedded WebApplicationContext
2025-08-02T15:38:02.900-04:00  INFO 22735 --- [main] w.s.c.ServletWebServerApplicationContext : Root WebApplicationContext: initialization completed in 1630 ms
2025-08-02T15:38:03.010-04:00  INFO 22735 --- [main] .c.b.s.b.s.r.CamundaJerseyResourceConfig : Configuring camunda rest api.
2025-08-02T15:38:03.037-04:00  INFO 22735 --- [main] .c.b.s.b.s.r.CamundaJerseyResourceConfig : Finished configuring camunda rest api.
2025-08-02T15:38:03.294-04:00  INFO 22735 --- [main] org.camunda.bpm.spring.boot              : STARTER-SB040 Setting up jobExecutor with corePoolSize=3, maxPoolSize:10
2025-08-02T15:38:03.346-04:00  INFO 22735 --- [main] org.camunda.bpm.engine.cfg               : ENGINE-12003 Plugin 'CompositeProcessEnginePlugin[genericPropertiesConfiguration, camundaProcessEngineConfiguration, camundaDatasourceConfiguration, camundaJobConfiguration, camundaHistoryConfiguration, camundaMetricsConfiguration, camundaAuthorizationConfiguration, camundaDeploymentConfiguration, createAdminUserConfiguration, failedJobConfiguration, eventPublisherPlugin, ApplicationContextClassloaderSwitchPlugin, ConnectProcessEnginePlugin, SpringBootSpinProcessEnginePlugin]' activated on process engine 'default'
2025-08-02T15:38:04.671-04:00  INFO 22735 --- [main] org.camunda.bpm.spring.boot              : STARTER-SB021 Auto-Deploying resources: [file [/Users/sapnanaveen/Documents/JavaProjects/camundaWithSpringboot/newCamunda-app/target/classes/loan_eligibility.dmn], file [/Users/sapnanaveen/Documents/JavaProjects/camundaWithSpringboot/newCamunda-app/target/classes/gateways.bpmn], file [/Users/sapnanaveen/Documents/JavaProjects/camundaWithSpringboot/newCamunda-app/target/classes/subject_validation_multi_instance.dmn], file [/Users/sapnanaveen/Documents/JavaProjects/camundaWithSpringboot/newCamunda-app/target/classes/firstProcess.bpmn], file [/Users/sapnanaveen/Documents/JavaProjects/camundaWithSpringboot/newCamunda-app/target/classes/subject_code_name_error.dmn], file [/Users/sapnanaveen/Documents/JavaProjects/camundaWithSpringboot/newCamunda-app/target/classes/loan_eligibility_with_discount.dmn], file [/Users/sapnanaveen/Documents/JavaProjects/camundaWithSpringboot/newCamunda-app/target/classes/subject_attributes.dmn], file [/Users/sapnanaveen/Documents/JavaProjects/camundaWithSpringboot/newCamunda-app/target/classes/sequence_flow.bpmn], file [/Users/sapnanaveen/Documents/JavaProjects/camundaWithSpringboot/newCamunda-app/target/classes/subprocess_name_email.bpmn], file [/Users/sapnanaveen/Documents/JavaProjects/camundaWithSpringboot/newCamunda-app/target/classes/log.bpmn], file [/Users/sapnanaveen/Documents/JavaProjects/camundaWithSpringboot/newCamunda-app/target/classes/dmn.bpmn], file [/Users/sapnanaveen/Documents/JavaProjects/camundaWithSpringboot/newCamunda-app/target/classes/subprocess.bpmn], file [/Users/sapnanaveen/Documents/JavaProjects/camundaWithSpringboot/newCamunda-app/target/classes/subject_validation_collect.dmn], file [/Users/sapnanaveen/Documents/JavaProjects/camundaWithSpringboot/newCamunda-app/target/classes/subject_validation.dmn], file [/Users/sapnanaveen/Documents/JavaProjects/camundaWithSpringboot/newCamunda-app/target/classes/multi_instance.bpmn], file [/Users/sapnanaveen/Documents/JavaProjects/camundaWithSpringboot/newCamunda-app/target/classes/subject_id_name.dmn], file [/Users/sapnanaveen/Documents/JavaProjects/camundaWithSpringboot/newCamunda-app/target/classes/tasks.bpmn]]
2025-08-02T15:38:04.679-04:00  INFO 22735 --- [main] o.c.b.s.b.s.event.EventPublisherPlugin   : EVENTING-001: Initialized Camunda Spring Boot Eventing Engine Plugin.
2025-08-02T15:38:04.679-04:00  INFO 22735 --- [main] o.c.b.s.b.s.event.EventPublisherPlugin   : EVENTING-003: Task events will be published as Spring Events.
2025-08-02T15:38:04.679-04:00  INFO 22735 --- [main] o.c.b.s.b.s.event.EventPublisherPlugin   : EVENTING-005: Execution events will be published as Spring Events.
2025-08-02T15:38:04.679-04:00  INFO 22735 --- [main] o.c.b.s.b.s.event.EventPublisherPlugin   : EVENTING-009: Listeners will not be invoked if a skipCustomListeners API parameter is set to true by user.
2025-08-02T15:38:04.681-04:00  INFO 22735 --- [main] o.c.b.s.b.s.event.EventPublisherPlugin   : EVENTING-007: History events will be published as Spring events.
2025-08-02T15:38:04.846-04:00  INFO 22735 --- [main] org.camunda.bpm.connect                  : CNCT-01004 Discovered provider for connector id 'http-connector' and class 'org.camunda.connect.httpclient.impl.HttpConnectorImpl': 'org.camunda.connect.httpclient.impl.HttpConnectorProviderImpl'
2025-08-02T15:38:04.853-04:00  INFO 22735 --- [main] org.camunda.spin                         : SPIN-01010 Discovered Spin data format provider: org.camunda.spin.impl.json.jackson.format.JacksonJsonDataFormatProvider[name = application/json]
2025-08-02T15:38:04.940-04:00  INFO 22735 --- [main] org.camunda.spin                         : SPIN-01010 Discovered Spin data format provider: org.camunda.spin.impl.xml.dom.format.DomXmlDataFormatProvider[name = application/xml]
2025-08-02T15:38:05.005-04:00  INFO 22735 --- [main] org.camunda.spin                         : SPIN-01009 Discovered Spin data format: org.camunda.spin.impl.xml.dom.format.DomXmlDataFormat[name = application/xml]
2025-08-02T15:38:05.006-04:00  INFO 22735 --- [main] org.camunda.spin                         : SPIN-01009 Discovered Spin data format: org.camunda.spin.impl.json.jackson.format.JacksonJsonDataFormat[name = application/json]
2025-08-02T15:38:05.203-04:00  INFO 22735 --- [main] org.camunda.bpm.dmn.feel.scala           : FEEL/SCALA-01001 Spin value mapper detected
2025-08-02T15:38:05.366-04:00  INFO 22735 --- [main] com.zaxxer.hikari.HikariDataSource       : HikariPool-1 - Starting...
2025-08-02T15:38:05.771-04:00  INFO 22735 --- [main] com.zaxxer.hikari.pool.HikariPool        : HikariPool-1 - Added connection conn0: url=jdbc:h2:file:./camunda-h2-database user=
2025-08-02T15:38:05.773-04:00  INFO 22735 --- [main] com.zaxxer.hikari.HikariDataSource       : HikariPool-1 - Start completed.
2025-08-02T15:38:11.134-04:00  INFO 22735 --- [main] org.camunda.bpm.engine                   : ENGINE-00001 Process Engine default created.
2025-08-02T15:38:13.174-04:00  INFO 22735 --- [main] o.c.b.s.b.s.w.f.LazyInitRegistration     : lazy initialized org.camunda.bpm.spring.boot.starter.webapp.filter.LazyProcessEnginesFilter@5520f675
2025-08-02T15:38:13.204-04:00  INFO 22735 --- [main] o.c.b.s.b.s.w.f.LazyInitRegistration     : lazy initialized org.camunda.bpm.spring.boot.starter.webapp.filter.LazySecurityFilter@774d8276
2025-08-02T15:38:13.212-04:00  WARN 22735 --- [main] .b.a.g.t.GroovyTemplateAutoConfiguration : Cannot find template location: classpath:/templates/ (please add some templates, check your Groovy configuration, or set spring.groovy.template.check-template-location=false)
2025-08-02T15:38:13.689-04:00  INFO 22735 --- [main] o.s.b.w.embedded.tomcat.TomcatWebServer  : Tomcat started on port 8080 (http) with context path '/'
2025-08-02T15:38:13.701-04:00  INFO 22735 --- [main] com.workflow.practice.Application        : Started Application in 13.58 seconds (process running for 14.059)
2025-08-02T15:38:13.704-04:00  INFO 22735 --- [main] org.camunda.bpm.engine.jobexecutor       : ENGINE-14014 Starting up the JobExecutor[org.camunda.bpm.engine.spring.components.jobexecutor.SpringJobExecutor].
2025-08-02T15:38:13.704-04:00  INFO 22735 --- [JobExecutor[org.camunda.bpm.engine.spring.components.jobexecutor.SpringJobExecutor]] org.camunda.bpm.engine.jobexecutor       : ENGINE-14018 JobExecutor[org.camunda.bpm.engine.spring.components.jobexecutor.SpringJobExecutor] starting to acquire jobs
2025-08-02T15:38:32.323-04:00  INFO 22735 --- [http-nio-8080-exec-1] o.a.c.c.C.[Tomcat].[localhost].[/]       : Initializing Spring DispatcherServlet 'dispatcherServlet'
2025-08-02T15:38:32.324-04:00  INFO 22735 --- [http-nio-8080-exec-1] o.s.web.servlet.DispatcherServlet        : Initializing Servlet 'dispatcherServlet'
2025-08-02T15:38:32.329-04:00  INFO 22735 --- [http-nio-8080-exec-1] o.s.web.servlet.DispatcherServlet        : Completed initialization in 5 ms
2025-08-02T15:38:46.376-04:00 ERROR 22735 --- [http-nio-8080-exec-10] org.camunda.bpm.engine.context           : ENGINE-16004 Exception while closing command context: Unable to evaluate script while executing activity 'Activity_1avb094' in the process definition with id 'Process_1dfj406:4:b6efdd54-6fd7-11f0-8f53-de37854a4d8a': groovy.lang.MissingPropertyException: No such property: logger for class: Script2

org.camunda.bpm.engine.ScriptEvaluationException: Unable to evaluate script while executing activity 'Activity_1avb094' in the process definition with id 'Process_1dfj406:4:b6efdd54-6fd7-11f0-8f53-de37854a4d8a': groovy.lang.MissingPropertyException: No such property: logger for class: Script2
	at org.camunda.bpm.engine.impl.scripting.CompiledExecutableScript.evaluate(CompiledExecutableScript.java:61) ~[camunda-engine-7.23.0.jar:7.23.0]
	at org.camunda.bpm.engine.impl.scripting.SourceExecutableScript.evaluate(SourceExecutableScript.java:61) ~[camunda-engine-7.23.0.jar:7.23.0]
	at org.camunda.bpm.engine.impl.scripting.ExecutableScript.execute(ExecutableScript.java:63) ~[camunda-engine-7.23.0.jar:7.23.0]
	at org.camunda.bpm.engine.impl.scripting.env.ScriptingEnvironment.execute(ScriptingEnvironment.java:99) ~[camunda-engine-7.23.0.jar:7.23.0]
	at org.camunda.bpm.engine.impl.scripting.env.ScriptingEnvironment.execute(ScriptingEnvironment.java:87) ~[camunda-engine-7.23.0.jar:7.23.0]
	at org.camunda.bpm.engine.impl.delegate.ScriptInvocation.invoke(ScriptInvocation.java:47) ~[camunda-engine-7.23.0.jar:7.23.0]
	at org.camunda.bpm.engine.impl.delegate.DelegateInvocation.proceed(DelegateInvocation.java:58) ~[camunda-engine-7.23.0.jar:7.23.0]
	at org.camunda.bpm.engine.impl.delegate.DefaultDelegateInterceptor.handleInvocationInContext(DefaultDelegateInterceptor.java:92) ~[camunda-engine-7.23.0.jar:7.23.0]
	at org.camunda.bpm.engine.impl.delegate.DefaultDelegateInterceptor.handleInvocation(DefaultDelegateInterceptor.java:63) ~[camunda-engine-7.23.0.jar:7.23.0]
	at org.camunda.bpm.engine.impl.bpmn.behavior.ScriptTaskActivityBehavior$1.call(ScriptTaskActivityBehavior.java:55) ~[camunda-engine-7.23.0.jar:7.23.0]
	at org.camunda.bpm.engine.impl.bpmn.behavior.ScriptTaskActivityBehavior$1.call(ScriptTaskActivityBehavior.java:51) ~[camunda-engine-7.23.0.jar:7.23.0]
	at org.camunda.bpm.engine.impl.bpmn.behavior.AbstractBpmnActivityBehavior.executeWithErrorPropagation(AbstractBpmnActivityBehavior.java:90) ~[camunda-engine-7.23.0.jar:7.23.0]
	at org.camunda.bpm.engine.impl.bpmn.behavior.ScriptTaskActivityBehavior.performExecution(ScriptTaskActivityBehavior.java:51) ~[camunda-engine-7.23.0.jar:7.23.0]
	at org.camunda.bpm.engine.impl.bpmn.behavior.TaskActivityBehavior.execute(TaskActivityBehavior.java:69) ~[camunda-engine-7.23.0.jar:7.23.0]
	at org.camunda.bpm.engine.impl.pvm.runtime.operation.PvmAtomicOperationActivityExecute$2.callback(PvmAtomicOperationActivityExecute.java:61) ~[camunda-engine-7.23.0.jar:7.23.0]
	at org.camunda.bpm.engine.impl.pvm.runtime.operation.PvmAtomicOperationActivityExecute$2.callback(PvmAtomicOperationActivityExecute.java:50) ~[camunda-engine-7.23.0.jar:7.23.0]
	at org.camunda.bpm.engine.impl.pvm.runtime.PvmExecutionImpl.continueIfExecutionDoesNotAffectNextOperation(PvmExecutionImpl.java:2109) ~[camunda-engine-7.23.0.jar:7.23.0]
	at org.camunda.bpm.engine.impl.pvm.runtime.operation.PvmAtomicOperationActivityExecute.execute(PvmAtomicOperationActivityExecute.java:42) ~[camunda-engine-7.23.0.jar:7.23.0]
	at org.camunda.bpm.engine.impl.pvm.runtime.operation.PvmAtomicOperationActivityExecute.execute(PvmAtomicOperationActivityExecute.java:31) ~[camunda-engine-7.23.0.jar:7.23.0]
	at org.camunda.bpm.engine.impl.interceptor.AtomicOperationInvocation.execute(AtomicOperationInvocation.java:99) ~[camunda-engine-7.23.0.jar:7.23.0]
	at org.camunda.bpm.engine.impl.interceptor.CommandInvocationContext.invokeNext(CommandInvocationContext.java:141) ~[camunda-engine-7.23.0.jar:7.23.0]
	at org.camunda.bpm.engine.impl.interceptor.CommandInvocationContext.performNext(CommandInvocationContext.java:121) ~[camunda-engine-7.23.0.jar:7.23.0]
	at org.camunda.bpm.engine.impl.interceptor.CommandInvocationContext.performOperation(CommandInvocationContext.java:96) ~[camunda-engine-7.23.0.jar:7.23.0]
	at org.camunda.bpm.engine.impl.persistence.entity.ExecutionEntity.performOperation(ExecutionEntity.java:635) ~[camunda-engine-7.23.0.jar:7.23.0]
	at org.camunda.bpm.engine.impl.persistence.entity.ExecutionEntity.performOperation(ExecutionEntity.java:609) ~[camunda-engine-7.23.0.jar:7.23.0]
	at org.camunda.bpm.engine.impl.pvm.runtime.PvmExecutionImpl$6.callback(PvmExecutionImpl.java:2048) ~[camunda-engine-7.23.0.jar:7.23.0]
	at org.camunda.bpm.engine.impl.pvm.runtime.PvmExecutionImpl$6.callback(PvmExecutionImpl.java:2045) ~[camunda-engine-7.23.0.jar:7.23.0]
	at org.camunda.bpm.engine.impl.pvm.runtime.PvmExecutionImpl.continueExecutionIfNotCanceled(PvmExecutionImpl.java:2115) ~[camunda-engine-7.23.0.jar:7.23.0]
	at org.camunda.bpm.engine.impl.pvm.runtime.PvmExecutionImpl.dispatchDelayedEventsAndPerformOperation(PvmExecutionImpl.java:2064) ~[camunda-engine-7.23.0.jar:7.23.0]
	at org.camunda.bpm.engine.impl.pvm.runtime.PvmExecutionImpl.dispatchDelayedEventsAndPerformOperation(PvmExecutionImpl.java:2045) ~[camunda-engine-7.23.0.jar:7.23.0]
	at org.camunda.bpm.engine.impl.pvm.runtime.operation.PvmAtomicOperationTransitionNotifyListenerStart.eventNotificationsCompleted(PvmAtomicOperationTransitionNotifyListenerStart.java:61) ~[camunda-engine-7.23.0.jar:7.23.0]
	at org.camunda.bpm.engine.impl.pvm.runtime.operation.PvmAtomicOperationTransitionNotifyListenerStart.eventNotificationsCompleted(PvmAtomicOperationTransitionNotifyListenerStart.java:30) ~[camunda-engine-7.23.0.jar:7.23.0]
	at org.camunda.bpm.engine.impl.core.operation.AbstractEventAtomicOperation.execute(AbstractEventAtomicOperation.java:70) ~[camunda-engine-7.23.0.jar:7.23.0]
	at org.camunda.bpm.engine.impl.interceptor.AtomicOperationInvocation.execute(AtomicOperationInvocation.java:99) ~[camunda-engine-7.23.0.jar:7.23.0]
	at org.camunda.bpm.engine.impl.interceptor.CommandInvocationContext.invokeNext(CommandInvocationContext.java:141) ~[camunda-engine-7.23.0.jar:7.23.0]
	at org.camunda.bpm.engine.impl.interceptor.CommandInvocationContext.performNext(CommandInvocationContext.java:121) ~[camunda-engine-7.23.0.jar:7.23.0]
	at org.camunda.bpm.engine.impl.interceptor.CommandInvocationContext.performOperation(CommandInvocationContext.java:96) ~[camunda-engine-7.23.0.jar:7.23.0]
	at org.camunda.bpm.engine.impl.interceptor.CommandInvocationContext.performOperation(CommandInvocationContext.java:86) ~[camunda-engine-7.23.0.jar:7.23.0]
	at org.camunda.bpm.engine.impl.persistence.entity.ExecutionEntity.performOperationSync(ExecutionEntity.java:644) ~[camunda-engine-7.23.0.jar:7.23.0]
	at org.camunda.bpm.engine.impl.persistence.entity.ExecutionEntity.performOperationSync(ExecutionEntity.java:619) ~[camunda-engine-7.23.0.jar:7.23.0]
	at org.camunda.bpm.engine.impl.core.operation.AbstractEventAtomicOperation.execute(AbstractEventAtomicOperation.java:66) ~[camunda-engine-7.23.0.jar:7.23.0]
	at org.camunda.bpm.engine.impl.interceptor.AtomicOperationInvocation.execute(AtomicOperationInvocation.java:99) ~[camunda-engine-7.23.0.jar:7.23.0]
	at org.camunda.bpm.engine.impl.interceptor.CommandInvocationContext.invokeNext(CommandInvocationContext.java:141) ~[camunda-engine-7.23.0.jar:7.23.0]
	at org.camunda.bpm.engine.impl.interceptor.CommandInvocationContext.performNext(CommandInvocationContext.java:121) ~[camunda-engine-7.23.0.jar:7.23.0]
	at org.camunda.bpm.engine.impl.interceptor.CommandInvocationContext.performOperation(CommandInvocationContext.java:96) ~[camunda-engine-7.23.0.jar:7.23.0]
	at org.camunda.bpm.engine.impl.interceptor.CommandInvocationContext.performOperation(CommandInvocationContext.java:86) ~[camunda-engine-7.23.0.jar:7.23.0]
	at org.camunda.bpm.engine.impl.persistence.entity.ExecutionEntity.performOperationSync(ExecutionEntity.java:644) ~[camunda-engine-7.23.0.jar:7.23.0]
	at org.camunda.bpm.engine.impl.persistence.entity.ExecutionEntity.performOperationSync(ExecutionEntity.java:619) ~[camunda-engine-7.23.0.jar:7.23.0]
	at org.camunda.bpm.engine.impl.core.operation.AbstractEventAtomicOperation.execute(AbstractEventAtomicOperation.java:66) ~[camunda-engine-7.23.0.jar:7.23.0]
	at org.camunda.bpm.engine.impl.interceptor.AtomicOperationInvocation.execute(AtomicOperationInvocation.java:99) ~[camunda-engine-7.23.0.jar:7.23.0]
	at org.camunda.bpm.engine.impl.interceptor.CommandInvocationContext.invokeNext(CommandInvocationContext.java:141) ~[camunda-engine-7.23.0.jar:7.23.0]
	at org.camunda.bpm.engine.impl.interceptor.CommandInvocationContext.performNext(CommandInvocationContext.java:121) ~[camunda-engine-7.23.0.jar:7.23.0]
	at org.camunda.bpm.engine.impl.interceptor.CommandInvocationContext.performOperation(CommandInvocationContext.java:96) ~[camunda-engine-7.23.0.jar:7.23.0]
	at org.camunda.bpm.engine.impl.interceptor.CommandInvocationContext.performOperation(CommandInvocationContext.java:86) ~[camunda-engine-7.23.0.jar:7.23.0]
	at org.camunda.bpm.engine.impl.persistence.entity.ExecutionEntity.performOperationSync(ExecutionEntity.java:644) ~[camunda-engine-7.23.0.jar:7.23.0]
	at org.camunda.bpm.engine.impl.persistence.entity.ExecutionEntity.performOperationSync(ExecutionEntity.java:619) ~[camunda-engine-7.23.0.jar:7.23.0]
	at org.camunda.bpm.engine.impl.core.operation.AbstractEventAtomicOperation.execute(AbstractEventAtomicOperation.java:66) ~[camunda-engine-7.23.0.jar:7.23.0]
	at org.camunda.bpm.engine.impl.interceptor.AtomicOperationInvocation.execute(AtomicOperationInvocation.java:99) ~[camunda-engine-7.23.0.jar:7.23.0]
	at org.camunda.bpm.engine.impl.interceptor.CommandInvocationContext.invokeNext(CommandInvocationContext.java:141) ~[camunda-engine-7.23.0.jar:7.23.0]
	at org.camunda.bpm.engine.impl.interceptor.CommandInvocationContext.performNext(CommandInvocationContext.java:121) ~[camunda-engine-7.23.0.jar:7.23.0]
	at org.camunda.bpm.engine.impl.interceptor.CommandInvocationContext.performOperation(CommandInvocationContext.java:96) ~[camunda-engine-7.23.0.jar:7.23.0]
	at org.camunda.bpm.engine.impl.persistence.entity.ExecutionEntity.performOperation(ExecutionEntity.java:635) ~[camunda-engine-7.23.0.jar:7.23.0]
	at org.camunda.bpm.engine.impl.persistence.entity.ExecutionEntity.performOperation(ExecutionEntity.java:609) ~[camunda-engine-7.23.0.jar:7.23.0]
	at org.camunda.bpm.engine.impl.pvm.runtime.operation.PvmAtomicOperationTransitionCreateScope.scopeCreated(PvmAtomicOperationTransitionCreateScope.java:38) ~[camunda-engine-7.23.0.jar:7.23.0]
	at org.camunda.bpm.engine.impl.pvm.runtime.operation.PvmAtomicOperationCreateScope.execute(PvmAtomicOperationCreateScope.java:53) ~[camunda-engine-7.23.0.jar:7.23.0]
	at org.camunda.bpm.engine.impl.pvm.runtime.operation.PvmAtomicOperationCreateScope.execute(PvmAtomicOperationCreateScope.java:27) ~[camunda-engine-7.23.0.jar:7.23.0]
	at org.camunda.bpm.engine.impl.interceptor.AtomicOperationInvocation.execute(AtomicOperationInvocation.java:99) ~[camunda-engine-7.23.0.jar:7.23.0]
	at org.camunda.bpm.engine.impl.interceptor.CommandInvocationContext.invokeNext(CommandInvocationContext.java:141) ~[camunda-engine-7.23.0.jar:7.23.0]
	at org.camunda.bpm.engine.impl.interceptor.CommandInvocationContext.performNext(CommandInvocationContext.java:128) ~[camunda-engine-7.23.0.jar:7.23.0]
	at org.camunda.bpm.engine.impl.interceptor.CommandInvocationContext.performOperation(CommandInvocationContext.java:96) ~[camunda-engine-7.23.0.jar:7.23.0]
	at org.camunda.bpm.engine.impl.persistence.entity.ExecutionEntity.performOperation(ExecutionEntity.java:635) ~[camunda-engine-7.23.0.jar:7.23.0]
	at org.camunda.bpm.engine.impl.persistence.entity.ExecutionEntity.performOperation(ExecutionEntity.java:609) ~[camunda-engine-7.23.0.jar:7.23.0]
	at org.camunda.bpm.engine.impl.pvm.runtime.PvmExecutionImpl.start(PvmExecutionImpl.java:294) ~[camunda-engine-7.23.0.jar:7.23.0]
	at org.camunda.bpm.engine.impl.persistence.entity.ExecutionEntity.start(ExecutionEntity.java:460) ~[camunda-engine-7.23.0.jar:7.23.0]
	at org.camunda.bpm.engine.impl.pvm.runtime.PvmExecutionImpl.startWithFormProperties(PvmExecutionImpl.java:275) ~[camunda-engine-7.23.0.jar:7.23.0]
	at org.camunda.bpm.engine.impl.cmd.SubmitStartFormCmd.execute(SubmitStartFormCmd.java:75) ~[camunda-engine-7.23.0.jar:7.23.0]
	at org.camunda.bpm.engine.impl.cmd.SubmitStartFormCmd.execute(SubmitStartFormCmd.java:43) ~[camunda-engine-7.23.0.jar:7.23.0]
	at org.camunda.bpm.engine.impl.interceptor.CommandExecutorImpl.execute(CommandExecutorImpl.java:28) ~[camunda-engine-7.23.0.jar:7.23.0]
	at org.camunda.bpm.engine.impl.interceptor.CommandContextInterceptor.execute(CommandContextInterceptor.java:111) ~[camunda-engine-7.23.0.jar:7.23.0]
	at org.camunda.bpm.engine.spring.SpringTransactionInterceptor.lambda$execute$0(SpringTransactionInterceptor.java:62) ~[camunda-engine-spring-6-7.23.0.jar:7.23.0]
	at org.springframework.transaction.support.TransactionTemplate.execute(TransactionTemplate.java:140) ~[spring-tx-6.2.5.jar:6.2.5]
	at org.camunda.bpm.engine.spring.SpringTransactionInterceptor.execute(SpringTransactionInterceptor.java:62) ~[camunda-engine-spring-6-7.23.0.jar:7.23.0]
	at org.camunda.bpm.engine.impl.interceptor.ProcessApplicationContextInterceptor.execute(ProcessApplicationContextInterceptor.java:70) ~[camunda-engine-7.23.0.jar:7.23.0]
	at org.camunda.bpm.engine.impl.interceptor.CommandCounterInterceptor.execute(CommandCounterInterceptor.java:34) ~[camunda-engine-7.23.0.jar:7.23.0]
	at org.camunda.bpm.engine.impl.interceptor.LogInterceptor.execute(LogInterceptor.java:33) ~[camunda-engine-7.23.0.jar:7.23.0]
	at org.camunda.bpm.engine.impl.interceptor.ExceptionCodeInterceptor.execute(ExceptionCodeInterceptor.java:55) ~[camunda-engine-7.23.0.jar:7.23.0]
	at org.camunda.bpm.engine.impl.FormServiceImpl.submitStartForm(FormServiceImpl.java:79) ~[camunda-engine-7.23.0.jar:7.23.0]
	at org.camunda.bpm.engine.rest.sub.repository.impl.ProcessDefinitionResourceImpl.submitForm(ProcessDefinitionResourceImpl.java:193) ~[camunda-engine-rest-core-jakarta-7.23.0.jar:7.23.0]
	at java.base/jdk.internal.reflect.DirectMethodHandleAccessor.invoke(DirectMethodHandleAccessor.java:103) ~[na:na]
	at java.base/java.lang.reflect.Method.invoke(Method.java:580) ~[na:na]
	at org.glassfish.jersey.server.model.internal.ResourceMethodInvocationHandlerFactory.lambda$static$0(ResourceMethodInvocationHandlerFactory.java:52) ~[jersey-server-3.1.10.jar:na]
	at org.glassfish.jersey.server.model.internal.AbstractJavaResourceMethodDispatcher$1.run(AbstractJavaResourceMethodDispatcher.java:146) ~[jersey-server-3.1.10.jar:na]
	at org.glassfish.jersey.server.model.internal.AbstractJavaResourceMethodDispatcher.invoke(AbstractJavaResourceMethodDispatcher.java:189) ~[jersey-server-3.1.10.jar:na]
	at org.glassfish.jersey.server.model.internal.JavaResourceMethodDispatcherProvider$TypeOutInvoker.doDispatch(JavaResourceMethodDispatcherProvider.java:219) ~[jersey-server-3.1.10.jar:na]
	at org.glassfish.jersey.server.model.internal.AbstractJavaResourceMethodDispatcher.dispatch(AbstractJavaResourceMethodDispatcher.java:93) ~[jersey-server-3.1.10.jar:na]
	at org.glassfish.jersey.server.model.ResourceMethodInvoker.invoke(ResourceMethodInvoker.java:478) ~[jersey-server-3.1.10.jar:na]
	at org.glassfish.jersey.server.model.ResourceMethodInvoker.apply(ResourceMethodInvoker.java:400) ~[jersey-server-3.1.10.jar:na]
	at org.glassfish.jersey.server.model.ResourceMethodInvoker.apply(ResourceMethodInvoker.java:81) ~[jersey-server-3.1.10.jar:na]
	at org.glassfish.jersey.server.ServerRuntime$1.run(ServerRuntime.java:274) ~[jersey-server-3.1.10.jar:na]
	at org.glassfish.jersey.internal.Errors$1.call(Errors.java:248) ~[jersey-common-3.1.10.jar:na]
	at org.glassfish.jersey.internal.Errors$1.call(Errors.java:244) ~[jersey-common-3.1.10.jar:na]
	at org.glassfish.jersey.internal.Errors.process(Errors.java:292) ~[jersey-common-3.1.10.jar:na]
	at org.glassfish.jersey.internal.Errors.process(Errors.java:274) ~[jersey-common-3.1.10.jar:na]
	at org.glassfish.jersey.internal.Errors.process(Errors.java:244) ~[jersey-common-3.1.10.jar:na]
	at org.glassfish.jersey.process.internal.RequestScope.runInScope(RequestScope.java:266) ~[jersey-common-3.1.10.jar:na]
	at org.glassfish.jersey.server.ServerRuntime.process(ServerRuntime.java:253) ~[jersey-server-3.1.10.jar:na]
	at org.glassfish.jersey.server.ApplicationHandler.handle(ApplicationHandler.java:696) ~[jersey-server-3.1.10.jar:na]
	at org.glassfish.jersey.servlet.WebComponent.serviceImpl(WebComponent.java:397) ~[jersey-container-servlet-core-3.1.10.jar:na]
	at org.glassfish.jersey.servlet.WebComponent.service(WebComponent.java:349) ~[jersey-container-servlet-core-3.1.10.jar:na]
	at org.glassfish.jersey.servlet.ServletContainer.service(ServletContainer.java:358) ~[jersey-container-servlet-core-3.1.10.jar:na]
	at org.glassfish.jersey.servlet.ServletContainer.service(ServletContainer.java:312) ~[jersey-container-servlet-core-3.1.10.jar:na]
	at org.glassfish.jersey.servlet.ServletContainer.service(ServletContainer.java:205) ~[jersey-container-servlet-core-3.1.10.jar:na]
	at org.apache.catalina.core.ApplicationFilterChain.internalDoFilter(ApplicationFilterChain.java:195) ~[tomcat-embed-core-10.1.39.jar:10.1.39]
	at org.apache.catalina.core.ApplicationFilterChain.doFilter(ApplicationFilterChain.java:140) ~[tomcat-embed-core-10.1.39.jar:10.1.39]
	at org.apache.tomcat.websocket.server.WsFilter.doFilter(WsFilter.java:51) ~[tomcat-embed-websocket-10.1.39.jar:10.1.39]
	at org.apache.catalina.core.ApplicationFilterChain.internalDoFilter(ApplicationFilterChain.java:164) ~[tomcat-embed-core-10.1.39.jar:10.1.39]
	at org.apache.catalina.core.ApplicationFilterChain.doFilter(ApplicationFilterChain.java:140) ~[tomcat-embed-core-10.1.39.jar:10.1.39]
	at org.camunda.bpm.webapp.impl.engine.ProcessEnginesFilter.applyFilter(ProcessEnginesFilter.java:147) ~[camunda-webapp-jakarta-7.23.0-classes.jar:7.23.0]
	at org.camunda.bpm.spring.boot.starter.webapp.filter.ResourceLoadingProcessEnginesFilter.applyFilter(ResourceLoadingProcessEnginesFilter.java:58) ~[camunda-bpm-spring-boot-starter-webapp-core-7.23.0.jar:7.23.0]
	at org.camunda.bpm.webapp.impl.filter.AbstractTemplateFilter.doFilter(AbstractTemplateFilter.java:58) ~[camunda-webapp-jakarta-7.23.0-classes.jar:7.23.0]
	at org.camunda.bpm.spring.boot.starter.webapp.filter.LazyDelegateFilter.doFilter(LazyDelegateFilter.java:60) ~[camunda-bpm-spring-boot-starter-webapp-core-7.23.0.jar:7.23.0]
	at org.apache.catalina.core.ApplicationFilterChain.internalDoFilter(ApplicationFilterChain.java:164) ~[tomcat-embed-core-10.1.39.jar:10.1.39]
	at org.apache.catalina.core.ApplicationFilterChain.doFilter(ApplicationFilterChain.java:140) ~[tomcat-embed-core-10.1.39.jar:10.1.39]
	at org.camunda.bpm.webapp.impl.security.filter.headersec.HttpHeaderSecurityFilter.doFilter(HttpHeaderSecurityFilter.java:89) ~[camunda-webapp-jakarta-7.23.0-classes.jar:7.23.0]
	at org.apache.catalina.core.ApplicationFilterChain.internalDoFilter(ApplicationFilterChain.java:164) ~[tomcat-embed-core-10.1.39.jar:10.1.39]
	at org.apache.catalina.core.ApplicationFilterChain.doFilter(ApplicationFilterChain.java:140) ~[tomcat-embed-core-10.1.39.jar:10.1.39]
	at org.camunda.bpm.webapp.impl.security.filter.SessionCookieFilter.doFilter(SessionCookieFilter.java:52) ~[camunda-webapp-jakarta-7.23.0-classes.jar:7.23.0]
	at org.apache.catalina.core.ApplicationFilterChain.internalDoFilter(ApplicationFilterChain.java:164) ~[tomcat-embed-core-10.1.39.jar:10.1.39]
	at org.apache.catalina.core.ApplicationFilterChain.doFilter(ApplicationFilterChain.java:140) ~[tomcat-embed-core-10.1.39.jar:10.1.39]
	at org.camunda.bpm.webapp.impl.security.filter.CsrfPreventionFilter.doFilter(CsrfPreventionFilter.java:174) ~[camunda-webapp-jakarta-7.23.0-classes.jar:7.23.0]
	at org.apache.catalina.core.ApplicationFilterChain.internalDoFilter(ApplicationFilterChain.java:164) ~[tomcat-embed-core-10.1.39.jar:10.1.39]
	at org.apache.catalina.core.ApplicationFilterChain.doFilter(ApplicationFilterChain.java:140) ~[tomcat-embed-core-10.1.39.jar:10.1.39]
	at org.camunda.bpm.webapp.impl.security.filter.SecurityFilter.doFilterSecure(SecurityFilter.java:73) ~[camunda-webapp-jakarta-7.23.0-classes.jar:7.23.0]
	at org.camunda.bpm.webapp.impl.security.filter.SecurityFilter.doFilter(SecurityFilter.java:57) ~[camunda-webapp-jakarta-7.23.0-classes.jar:7.23.0]
	at org.camunda.bpm.spring.boot.starter.webapp.filter.LazyDelegateFilter.doFilter(LazyDelegateFilter.java:60) ~[camunda-bpm-spring-boot-starter-webapp-core-7.23.0.jar:7.23.0]
	at org.apache.catalina.core.ApplicationFilterChain.internalDoFilter(ApplicationFilterChain.java:164) ~[tomcat-embed-core-10.1.39.jar:10.1.39]
	at org.apache.catalina.core.ApplicationFilterChain.doFilter(ApplicationFilterChain.java:140) ~[tomcat-embed-core-10.1.39.jar:10.1.39]
	at org.camunda.bpm.webapp.impl.security.auth.AuthenticationFilter.lambda$doFilter$0(AuthenticationFilter.java:86) ~[camunda-webapp-jakarta-7.23.0-classes.jar:7.23.0]
	at org.camunda.bpm.webapp.impl.security.SecurityActions.runWithAuthentications(SecurityActions.java:44) ~[camunda-webapp-jakarta-7.23.0-classes.jar:7.23.0]
	at org.camunda.bpm.webapp.impl.security.auth.AuthenticationFilter.doFilter(AuthenticationFilter.java:85) ~[camunda-webapp-jakarta-7.23.0-classes.jar:7.23.0]
	at org.apache.catalina.core.ApplicationFilterChain.internalDoFilter(ApplicationFilterChain.java:164) ~[tomcat-embed-core-10.1.39.jar:10.1.39]
	at org.apache.catalina.core.ApplicationFilterChain.doFilter(ApplicationFilterChain.java:140) ~[tomcat-embed-core-10.1.39.jar:10.1.39]
	at org.springframework.web.filter.RequestContextFilter.doFilterInternal(RequestContextFilter.java:100) ~[spring-web-6.2.5.jar:6.2.5]
	at org.springframework.web.filter.OncePerRequestFilter.doFilter(OncePerRequestFilter.java:116) ~[spring-web-6.2.5.jar:6.2.5]
	at org.apache.catalina.core.ApplicationFilterChain.internalDoFilter(ApplicationFilterChain.java:164) ~[tomcat-embed-core-10.1.39.jar:10.1.39]
	at org.apache.catalina.core.ApplicationFilterChain.doFilter(ApplicationFilterChain.java:140) ~[tomcat-embed-core-10.1.39.jar:10.1.39]
	at org.springframework.web.filter.FormContentFilter.doFilterInternal(FormContentFilter.java:93) ~[spring-web-6.2.5.jar:6.2.5]
	at org.springframework.web.filter.OncePerRequestFilter.doFilter(OncePerRequestFilter.java:116) ~[spring-web-6.2.5.jar:6.2.5]
	at org.apache.catalina.core.ApplicationFilterChain.internalDoFilter(ApplicationFilterChain.java:164) ~[tomcat-embed-core-10.1.39.jar:10.1.39]
	at org.apache.catalina.core.ApplicationFilterChain.doFilter(ApplicationFilterChain.java:140) ~[tomcat-embed-core-10.1.39.jar:10.1.39]
	at org.springframework.web.filter.CharacterEncodingFilter.doFilterInternal(CharacterEncodingFilter.java:201) ~[spring-web-6.2.5.jar:6.2.5]
	at org.springframework.web.filter.OncePerRequestFilter.doFilter(OncePerRequestFilter.java:116) ~[spring-web-6.2.5.jar:6.2.5]
	at org.apache.catalina.core.ApplicationFilterChain.internalDoFilter(ApplicationFilterChain.java:164) ~[tomcat-embed-core-10.1.39.jar:10.1.39]
	at org.apache.catalina.core.ApplicationFilterChain.doFilter(ApplicationFilterChain.java:140) ~[tomcat-embed-core-10.1.39.jar:10.1.39]
	at org.apache.catalina.core.StandardWrapperValve.invoke(StandardWrapperValve.java:167) ~[tomcat-embed-core-10.1.39.jar:10.1.39]
	at org.apache.catalina.core.StandardContextValve.invoke(StandardContextValve.java:90) ~[tomcat-embed-core-10.1.39.jar:10.1.39]
	at org.apache.catalina.authenticator.AuthenticatorBase.invoke(AuthenticatorBase.java:483) ~[tomcat-embed-core-10.1.39.jar:10.1.39]
	at org.apache.catalina.core.StandardHostValve.invoke(StandardHostValve.java:115) ~[tomcat-embed-core-10.1.39.jar:10.1.39]
	at org.apache.catalina.valves.ErrorReportValve.invoke(ErrorReportValve.java:93) ~[tomcat-embed-core-10.1.39.jar:10.1.39]
	at org.apache.catalina.core.StandardEngineValve.invoke(StandardEngineValve.java:74) ~[tomcat-embed-core-10.1.39.jar:10.1.39]
	at org.apache.catalina.connector.CoyoteAdapter.service(CoyoteAdapter.java:344) ~[tomcat-embed-core-10.1.39.jar:10.1.39]
	at org.apache.coyote.http11.Http11Processor.service(Http11Processor.java:397) ~[tomcat-embed-core-10.1.39.jar:10.1.39]
	at org.apache.coyote.AbstractProcessorLight.process(AbstractProcessorLight.java:63) ~[tomcat-embed-core-10.1.39.jar:10.1.39]
	at org.apache.coyote.AbstractProtocol$ConnectionHandler.process(AbstractProtocol.java:905) ~[tomcat-embed-core-10.1.39.jar:10.1.39]
	at org.apache.tomcat.util.net.NioEndpoint$SocketProcessor.doRun(NioEndpoint.java:1743) ~[tomcat-embed-core-10.1.39.jar:10.1.39]
	at org.apache.tomcat.util.net.SocketProcessorBase.run(SocketProcessorBase.java:52) ~[tomcat-embed-core-10.1.39.jar:10.1.39]
	at org.apache.tomcat.util.threads.ThreadPoolExecutor.runWorker(ThreadPoolExecutor.java:1190) ~[tomcat-embed-core-10.1.39.jar:10.1.39]
	at org.apache.tomcat.util.threads.ThreadPoolExecutor$Worker.run(ThreadPoolExecutor.java:659) ~[tomcat-embed-core-10.1.39.jar:10.1.39]
	at org.apache.tomcat.util.threads.TaskThread$WrappingRunnable.run(TaskThread.java:63) ~[tomcat-embed-core-10.1.39.jar:10.1.39]
	at java.base/java.lang.Thread.run(Thread.java:1583) ~[na:na]
Caused by: javax.script.ScriptException: groovy.lang.MissingPropertyException: No such property: logger for class: Script2
	at org.codehaus.groovy.jsr223.GroovyScriptEngineImpl.eval(GroovyScriptEngineImpl.java:320) ~[groovy-jsr223-3.0.10.jar:3.0.10]
	at org.codehaus.groovy.jsr223.GroovyCompiledScript.eval(GroovyCompiledScript.java:71) ~[groovy-jsr223-3.0.10.jar:3.0.10]
	at java.scripting/javax.script.CompiledScript.eval(CompiledScript.java:93) ~[java.scripting:na]
	at org.camunda.bpm.engine.impl.scripting.CompiledExecutableScript.evaluate(CompiledExecutableScript.java:55) ~[camunda-engine-7.23.0.jar:7.23.0]
	... 169 common frames omitted
Caused by: groovy.lang.MissingPropertyException: No such property: logger for class: Script2
	at org.codehaus.groovy.runtime.ScriptBytecodeAdapter.unwrap(ScriptBytecodeAdapter.java:65) ~[groovy-3.0.10.jar:3.0.10]
	at org.codehaus.groovy.runtime.callsite.PogoGetPropertySite.getProperty(PogoGetPropertySite.java:51) ~[groovy-3.0.10.jar:3.0.10]
	at org.codehaus.groovy.runtime.callsite.AbstractCallSite.callGroovyObjectGetProperty(AbstractCallSite.java:341) ~[groovy-3.0.10.jar:3.0.10]
	at Script2.run(Script2.groovy:2) ~[na:na]
	at org.codehaus.groovy.jsr223.GroovyScriptEngineImpl.eval(GroovyScriptEngineImpl.java:317) ~[groovy-jsr223-3.0.10.jar:3.0.10]
	... 172 common frames omitted

2025-08-02T15:38:46.431-04:00  WARN 22735 --- [http-nio-8080-exec-10] org.camunda.bpm.engine.rest.exception    : ENGINE-REST-HTTP500 org.camunda.bpm.engine.rest.exception.RestException: Cannot instantiate process definition Process_1dfj406:4:b6efdd54-6fd7-11f0-8f53-de37854a4d8a: Unable to evaluate script while executing activity 'Activity_1avb094' in the process definition with id 'Process_1dfj406:4:b6efdd54-6fd7-11f0-8f53-de37854a4d8a': groovy.lang.MissingPropertyException: No such property: logger for class: Script2
	at org.camunda.bpm.engine.rest.sub.repository.impl.ProcessDefinitionResourceImpl.submitForm(ProcessDefinitionResourceImpl.java:205)
	at java.base/jdk.internal.reflect.DirectMethodHandleAccessor.invoke(DirectMethodHandleAccessor.java:103)
	at java.base/java.lang.reflect.Method.invoke(Method.java:580)
	at org.glassfish.jersey.server.model.internal.ResourceMethodInvocationHandlerFactory.lambda$static$0(ResourceMethodInvocationHandlerFactory.java:52)
	at org.glassfish.jersey.server.model.internal.AbstractJavaResourceMethodDispatcher$1.run(AbstractJavaResourceMethodDispatcher.java:146)
	at org.glassfish.jersey.server.model.internal.AbstractJavaResourceMethodDispatcher.invoke(AbstractJavaResourceMethodDispatcher.java:189)
	at org.glassfish.jersey.server.model.internal.JavaResourceMethodDispatcherProvider$TypeOutInvoker.doDispatch(JavaResourceMethodDispatcherProvider.java:219)
	at org.glassfish.jersey.server.model.internal.AbstractJavaResourceMethodDispatcher.dispatch(AbstractJavaResourceMethodDispatcher.java:93)
	at org.glassfish.jersey.server.model.ResourceMethodInvoker.invoke(ResourceMethodInvoker.java:478)
	at org.glassfish.jersey.server.model.ResourceMethodInvoker.apply(ResourceMethodInvoker.java:400)
	at org.glassfish.jersey.server.model.ResourceMethodInvoker.apply(ResourceMethodInvoker.java:81)
	at org.glassfish.jersey.server.ServerRuntime$1.run(ServerRuntime.java:274)
	at org.glassfish.jersey.internal.Errors$1.call(Errors.java:248)
	at org.glassfish.jersey.internal.Errors$1.call(Errors.java:244)
	at org.glassfish.jersey.internal.Errors.process(Errors.java:292)
	at org.glassfish.jersey.internal.Errors.process(Errors.java:274)
	at org.glassfish.jersey.internal.Errors.process(Errors.java:244)
	at org.glassfish.jersey.process.internal.RequestScope.runInScope(RequestScope.java:266)
	at org.glassfish.jersey.server.ServerRuntime.process(ServerRuntime.java:253)
	at org.glassfish.jersey.server.ApplicationHandler.handle(ApplicationHandler.java:696)
	at org.glassfish.jersey.servlet.WebComponent.serviceImpl(WebComponent.java:397)
	at org.glassfish.jersey.servlet.WebComponent.service(WebComponent.java:349)
	at org.glassfish.jersey.servlet.ServletContainer.service(ServletContainer.java:358)
	at org.glassfish.jersey.servlet.ServletContainer.service(ServletContainer.java:312)
	at org.glassfish.jersey.servlet.ServletContainer.service(ServletContainer.java:205)
	at org.apache.catalina.core.ApplicationFilterChain.internalDoFilter(ApplicationFilterChain.java:195)
	at org.apache.catalina.core.ApplicationFilterChain.doFilter(ApplicationFilterChain.java:140)
	at org.apache.tomcat.websocket.server.WsFilter.doFilter(WsFilter.java:51)
	at org.apache.catalina.core.ApplicationFilterChain.internalDoFilter(ApplicationFilterChain.java:164)
	at org.apache.catalina.core.ApplicationFilterChain.doFilter(ApplicationFilterChain.java:140)
	at org.camunda.bpm.webapp.impl.engine.ProcessEnginesFilter.applyFilter(ProcessEnginesFilter.java:147)
	at org.camunda.bpm.spring.boot.starter.webapp.filter.ResourceLoadingProcessEnginesFilter.applyFilter(ResourceLoadingProcessEnginesFilter.java:58)
	at org.camunda.bpm.webapp.impl.filter.AbstractTemplateFilter.doFilter(AbstractTemplateFilter.java:58)
	at org.camunda.bpm.spring.boot.starter.webapp.filter.LazyDelegateFilter.doFilter(LazyDelegateFilter.java:60)
	at org.apache.catalina.core.ApplicationFilterChain.internalDoFilter(ApplicationFilterChain.java:164)
	at org.apache.catalina.core.ApplicationFilterChain.doFilter(ApplicationFilterChain.java:140)
	at org.camunda.bpm.webapp.impl.security.filter.headersec.HttpHeaderSecurityFilter.doFilter(HttpHeaderSecurityFilter.java:89)
	at org.apache.catalina.core.ApplicationFilterChain.internalDoFilter(ApplicationFilterChain.java:164)
	at org.apache.catalina.core.ApplicationFilterChain.doFilter(ApplicationFilterChain.java:140)
	at org.camunda.bpm.webapp.impl.security.filter.SessionCookieFilter.doFilter(SessionCookieFilter.java:52)
	at org.apache.catalina.core.ApplicationFilterChain.internalDoFilter(ApplicationFilterChain.java:164)
	at org.apache.catalina.core.ApplicationFilterChain.doFilter(ApplicationFilterChain.java:140)
	at org.camunda.bpm.webapp.impl.security.filter.CsrfPreventionFilter.doFilter(CsrfPreventionFilter.java:174)
	at org.apache.catalina.core.ApplicationFilterChain.internalDoFilter(ApplicationFilterChain.java:164)
	at org.apache.catalina.core.ApplicationFilterChain.doFilter(ApplicationFilterChain.java:140)
	at org.camunda.bpm.webapp.impl.security.filter.SecurityFilter.doFilterSecure(SecurityFilter.java:73)
	at org.camunda.bpm.webapp.impl.security.filter.SecurityFilter.doFilter(SecurityFilter.java:57)
	at org.camunda.bpm.spring.boot.starter.webapp.filter.LazyDelegateFilter.doFilter(LazyDelegateFilter.java:60)
	at org.apache.catalina.core.ApplicationFilterChain.internalDoFilter(ApplicationFilterChain.java:164)
	at org.apache.catalina.core.ApplicationFilterChain.doFilter(ApplicationFilterChain.java:140)
	at org.camunda.bpm.webapp.impl.security.auth.AuthenticationFilter.lambda$doFilter$0(AuthenticationFilter.java:86)
	at org.camunda.bpm.webapp.impl.security.SecurityActions.runWithAuthentications(SecurityActions.java:44)
	at org.camunda.bpm.webapp.impl.security.auth.AuthenticationFilter.doFilter(AuthenticationFilter.java:85)
	at org.apache.catalina.core.ApplicationFilterChain.internalDoFilter(ApplicationFilterChain.java:164)
	at org.apache.catalina.core.ApplicationFilterChain.doFilter(ApplicationFilterChain.java:140)
	at org.springframework.web.filter.RequestContextFilter.doFilterInternal(RequestContextFilter.java:100)
	at org.springframework.web.filter.OncePerRequestFilter.doFilter(OncePerRequestFilter.java:116)
	at org.apache.catalina.core.ApplicationFilterChain.internalDoFilter(ApplicationFilterChain.java:164)
	at org.apache.catalina.core.ApplicationFilterChain.doFilter(ApplicationFilterChain.java:140)
	at org.springframework.web.filter.FormContentFilter.doFilterInternal(FormContentFilter.java:93)
	at org.springframework.web.filter.OncePerRequestFilter.doFilter(OncePerRequestFilter.java:116)
	at org.apache.catalina.core.ApplicationFilterChain.internalDoFilter(ApplicationFilterChain.java:164)
	at org.apache.catalina.core.ApplicationFilterChain.doFilter(ApplicationFilterChain.java:140)
	at org.springframework.web.filter.CharacterEncodingFilter.doFilterInternal(CharacterEncodingFilter.java:201)
	at org.springframework.web.filter.OncePerRequestFilter.doFilter(OncePerRequestFilter.java:116)
	at org.apache.catalina.core.ApplicationFilterChain.internalDoFilter(ApplicationFilterChain.java:164)
	at org.apache.catalina.core.ApplicationFilterChain.doFilter(ApplicationFilterChain.java:140)
	at org.apache.catalina.core.StandardWrapperValve.invoke(StandardWrapperValve.java:167)
	at org.apache.catalina.core.StandardContextValve.invoke(StandardContextValve.java:90)
	at org.apache.catalina.authenticator.AuthenticatorBase.invoke(AuthenticatorBase.java:483)
	at org.apache.catalina.core.StandardHostValve.invoke(StandardHostValve.java:115)
	at org.apache.catalina.valves.ErrorReportValve.invoke(ErrorReportValve.java:93)
	at org.apache.catalina.core.StandardEngineValve.invoke(StandardEngineValve.java:74)
	at org.apache.catalina.connector.CoyoteAdapter.service(CoyoteAdapter.java:344)
	at org.apache.coyote.http11.Http11Processor.service(Http11Processor.java:397)
	at org.apache.coyote.AbstractProcessorLight.process(AbstractProcessorLight.java:63)
	at org.apache.coyote.AbstractProtocol$ConnectionHandler.process(AbstractProtocol.java:905)
	at org.apache.tomcat.util.net.NioEndpoint$SocketProcessor.doRun(NioEndpoint.java:1743)
	at org.apache.tomcat.util.net.SocketProcessorBase.run(SocketProcessorBase.java:52)
	at org.apache.tomcat.util.threads.ThreadPoolExecutor.runWorker(ThreadPoolExecutor.java:1190)
	at org.apache.tomcat.util.threads.ThreadPoolExecutor$Worker.run(ThreadPoolExecutor.java:659)
	at org.apache.tomcat.util.threads.TaskThread$WrappingRunnable.run(TaskThread.java:63)
	at java.base/java.lang.Thread.run(Thread.java:1583)
Caused by: org.camunda.bpm.engine.ScriptEvaluationException: Unable to evaluate script while executing activity 'Activity_1avb094' in the process definition with id 'Process_1dfj406:4:b6efdd54-6fd7-11f0-8f53-de37854a4d8a': groovy.lang.MissingPropertyException: No such property: logger for class: Script2
	at org.camunda.bpm.engine.impl.scripting.CompiledExecutableScript.evaluate(CompiledExecutableScript.java:61)
	at org.camunda.bpm.engine.impl.scripting.SourceExecutableScript.evaluate(SourceExecutableScript.java:61)
	at org.camunda.bpm.engine.impl.scripting.ExecutableScript.execute(ExecutableScript.java:63)
	at org.camunda.bpm.engine.impl.scripting.env.ScriptingEnvironment.execute(ScriptingEnvironment.java:99)
	at org.camunda.bpm.engine.impl.scripting.env.ScriptingEnvironment.execute(ScriptingEnvironment.java:87)
	at org.camunda.bpm.engine.impl.delegate.ScriptInvocation.invoke(ScriptInvocation.java:47)
	at org.camunda.bpm.engine.impl.delegate.DelegateInvocation.proceed(DelegateInvocation.java:58)
	at org.camunda.bpm.engine.impl.delegate.DefaultDelegateInterceptor.handleInvocationInContext(DefaultDelegateInterceptor.java:92)
	at org.camunda.bpm.engine.impl.delegate.DefaultDelegateInterceptor.handleInvocation(DefaultDelegateInterceptor.java:63)
	at org.camunda.bpm.engine.impl.bpmn.behavior.ScriptTaskActivityBehavior$1.call(ScriptTaskActivityBehavior.java:55)
	at org.camunda.bpm.engine.impl.bpmn.behavior.ScriptTaskActivityBehavior$1.call(ScriptTaskActivityBehavior.java:51)
	at org.camunda.bpm.engine.impl.bpmn.behavior.AbstractBpmnActivityBehavior.executeWithErrorPropagation(AbstractBpmnActivityBehavior.java:90)
	at org.camunda.bpm.engine.impl.bpmn.behavior.ScriptTaskActivityBehavior.performExecution(ScriptTaskActivityBehavior.java:51)
	at org.camunda.bpm.engine.impl.bpmn.behavior.TaskActivityBehavior.execute(TaskActivityBehavior.java:69)
	at org.camunda.bpm.engine.impl.pvm.runtime.operation.PvmAtomicOperationActivityExecute$2.callback(PvmAtomicOperationActivityExecute.java:61)
	at org.camunda.bpm.engine.impl.pvm.runtime.operation.PvmAtomicOperationActivityExecute$2.callback(PvmAtomicOperationActivityExecute.java:50)
	at org.camunda.bpm.engine.impl.pvm.runtime.PvmExecutionImpl.continueIfExecutionDoesNotAffectNextOperation(PvmExecutionImpl.java:2109)
	at org.camunda.bpm.engine.impl.pvm.runtime.operation.PvmAtomicOperationActivityExecute.execute(PvmAtomicOperationActivityExecute.java:42)
	at org.camunda.bpm.engine.impl.pvm.runtime.operation.PvmAtomicOperationActivityExecute.execute(PvmAtomicOperationActivityExecute.java:31)
	at org.camunda.bpm.engine.impl.interceptor.AtomicOperationInvocation.execute(AtomicOperationInvocation.java:99)
	at org.camunda.bpm.engine.impl.interceptor.CommandInvocationContext.invokeNext(CommandInvocationContext.java:141)
	at org.camunda.bpm.engine.impl.interceptor.CommandInvocationContext.performNext(CommandInvocationContext.java:121)
	at org.camunda.bpm.engine.impl.interceptor.CommandInvocationContext.performOperation(CommandInvocationContext.java:96)
	at org.camunda.bpm.engine.impl.persistence.entity.ExecutionEntity.performOperation(ExecutionEntity.java:635)
	at org.camunda.bpm.engine.impl.persistence.entity.ExecutionEntity.performOperation(ExecutionEntity.java:609)
	at org.camunda.bpm.engine.impl.pvm.runtime.PvmExecutionImpl$6.callback(PvmExecutionImpl.java:2048)
	at org.camunda.bpm.engine.impl.pvm.runtime.PvmExecutionImpl$6.callback(PvmExecutionImpl.java:2045)
	at org.camunda.bpm.engine.impl.pvm.runtime.PvmExecutionImpl.continueExecutionIfNotCanceled(PvmExecutionImpl.java:2115)
	at org.camunda.bpm.engine.impl.pvm.runtime.PvmExecutionImpl.dispatchDelayedEventsAndPerformOperation(PvmExecutionImpl.java:2064)
	at org.camunda.bpm.engine.impl.pvm.runtime.PvmExecutionImpl.dispatchDelayedEventsAndPerformOperation(PvmExecutionImpl.java:2045)
	at org.camunda.bpm.engine.impl.pvm.runtime.operation.PvmAtomicOperationTransitionNotifyListenerStart.eventNotificationsCompleted(PvmAtomicOperationTransitionNotifyListenerStart.java:61)
	at org.camunda.bpm.engine.impl.pvm.runtime.operation.PvmAtomicOperationTransitionNotifyListenerStart.eventNotificationsCompleted(PvmAtomicOperationTransitionNotifyListenerStart.java:30)
	at org.camunda.bpm.engine.impl.core.operation.AbstractEventAtomicOperation.execute(AbstractEventAtomicOperation.java:70)
	at org.camunda.bpm.engine.impl.interceptor.AtomicOperationInvocation.execute(AtomicOperationInvocation.java:99)
	at org.camunda.bpm.engine.impl.interceptor.CommandInvocationContext.invokeNext(CommandInvocationContext.java:141)
	at org.camunda.bpm.engine.impl.interceptor.CommandInvocationContext.performNext(CommandInvocationContext.java:121)
	at org.camunda.bpm.engine.impl.interceptor.CommandInvocationContext.performOperation(CommandInvocationContext.java:96)
	at org.camunda.bpm.engine.impl.interceptor.CommandInvocationContext.performOperation(CommandInvocationContext.java:86)
	at org.camunda.bpm.engine.impl.persistence.entity.ExecutionEntity.performOperationSync(ExecutionEntity.java:644)
	at org.camunda.bpm.engine.impl.persistence.entity.ExecutionEntity.performOperationSync(ExecutionEntity.java:619)
	at org.camunda.bpm.engine.impl.core.operation.AbstractEventAtomicOperation.execute(AbstractEventAtomicOperation.java:66)
	at org.camunda.bpm.engine.impl.interceptor.AtomicOperationInvocation.execute(AtomicOperationInvocation.java:99)
	at org.camunda.bpm.engine.impl.interceptor.CommandInvocationContext.invokeNext(CommandInvocationContext.java:141)
	at org.camunda.bpm.engine.impl.interceptor.CommandInvocationContext.performNext(CommandInvocationContext.java:121)
	at org.camunda.bpm.engine.impl.interceptor.CommandInvocationContext.performOperation(CommandInvocationContext.java:96)
	at org.camunda.bpm.engine.impl.interceptor.CommandInvocationContext.performOperation(CommandInvocationContext.java:86)
	at org.camunda.bpm.engine.impl.persistence.entity.ExecutionEntity.performOperationSync(ExecutionEntity.java:644)
	at org.camunda.bpm.engine.impl.persistence.entity.ExecutionEntity.performOperationSync(ExecutionEntity.java:619)
	at org.camunda.bpm.engine.impl.core.operation.AbstractEventAtomicOperation.execute(AbstractEventAtomicOperation.java:66)
	at org.camunda.bpm.engine.impl.interceptor.AtomicOperationInvocation.execute(AtomicOperationInvocation.java:99)
	at org.camunda.bpm.engine.impl.interceptor.CommandInvocationContext.invokeNext(CommandInvocationContext.java:141)
	at org.camunda.bpm.engine.impl.interceptor.CommandInvocationContext.performNext(CommandInvocationContext.java:121)
	at org.camunda.bpm.engine.impl.interceptor.CommandInvocationContext.performOperation(CommandInvocationContext.java:96)
	at org.camunda.bpm.engine.impl.interceptor.CommandInvocationContext.performOperation(CommandInvocationContext.java:86)
	at org.camunda.bpm.engine.impl.persistence.entity.ExecutionEntity.performOperationSync(ExecutionEntity.java:644)
	at org.camunda.bpm.engine.impl.persistence.entity.ExecutionEntity.performOperationSync(ExecutionEntity.java:619)
	at org.camunda.bpm.engine.impl.core.operation.AbstractEventAtomicOperation.execute(AbstractEventAtomicOperation.java:66)
	at org.camunda.bpm.engine.impl.interceptor.AtomicOperationInvocation.execute(AtomicOperationInvocation.java:99)
	at org.camunda.bpm.engine.impl.interceptor.CommandInvocationContext.invokeNext(CommandInvocationContext.java:141)
	at org.camunda.bpm.engine.impl.interceptor.CommandInvocationContext.performNext(CommandInvocationContext.java:121)
	at org.camunda.bpm.engine.impl.interceptor.CommandInvocationContext.performOperation(CommandInvocationContext.java:96)
	at org.camunda.bpm.engine.impl.persistence.entity.ExecutionEntity.performOperation(ExecutionEntity.java:635)
	at org.camunda.bpm.engine.impl.persistence.entity.ExecutionEntity.performOperation(ExecutionEntity.java:609)
	at org.camunda.bpm.engine.impl.pvm.runtime.operation.PvmAtomicOperationTransitionCreateScope.scopeCreated(PvmAtomicOperationTransitionCreateScope.java:38)
	at org.camunda.bpm.engine.impl.pvm.runtime.operation.PvmAtomicOperationCreateScope.execute(PvmAtomicOperationCreateScope.java:53)
	at org.camunda.bpm.engine.impl.pvm.runtime.operation.PvmAtomicOperationCreateScope.execute(PvmAtomicOperationCreateScope.java:27)
	at org.camunda.bpm.engine.impl.interceptor.AtomicOperationInvocation.execute(AtomicOperationInvocation.java:99)
	at org.camunda.bpm.engine.impl.interceptor.CommandInvocationContext.invokeNext(CommandInvocationContext.java:141)
	at org.camunda.bpm.engine.impl.interceptor.CommandInvocationContext.performNext(CommandInvocationContext.java:128)
	at org.camunda.bpm.engine.impl.interceptor.CommandInvocationContext.performOperation(CommandInvocationContext.java:96)
	at org.camunda.bpm.engine.impl.persistence.entity.ExecutionEntity.performOperation(ExecutionEntity.java:635)
	at org.camunda.bpm.engine.impl.persistence.entity.ExecutionEntity.performOperation(ExecutionEntity.java:609)
	at org.camunda.bpm.engine.impl.pvm.runtime.PvmExecutionImpl.start(PvmExecutionImpl.java:294)
	at org.camunda.bpm.engine.impl.persistence.entity.ExecutionEntity.start(ExecutionEntity.java:460)
	at org.camunda.bpm.engine.impl.pvm.runtime.PvmExecutionImpl.startWithFormProperties(PvmExecutionImpl.java:275)
	at org.camunda.bpm.engine.impl.cmd.SubmitStartFormCmd.execute(SubmitStartFormCmd.java:75)
	at org.camunda.bpm.engine.impl.cmd.SubmitStartFormCmd.execute(SubmitStartFormCmd.java:43)
	at org.camunda.bpm.engine.impl.interceptor.CommandExecutorImpl.execute(CommandExecutorImpl.java:28)
	at org.camunda.bpm.engine.impl.interceptor.CommandContextInterceptor.execute(CommandContextInterceptor.java:111)
	at org.camunda.bpm.engine.spring.SpringTransactionInterceptor.lambda$execute$0(SpringTransactionInterceptor.java:62)
	at org.springframework.transaction.support.TransactionTemplate.execute(TransactionTemplate.java:140)
	at org.camunda.bpm.engine.spring.SpringTransactionInterceptor.execute(SpringTransactionInterceptor.java:62)
	at org.camunda.bpm.engine.impl.interceptor.ProcessApplicationContextInterceptor.execute(ProcessApplicationContextInterceptor.java:70)
	at org.camunda.bpm.engine.impl.interceptor.CommandCounterInterceptor.execute(CommandCounterInterceptor.java:34)
	at org.camunda.bpm.engine.impl.interceptor.LogInterceptor.execute(LogInterceptor.java:33)
	at org.camunda.bpm.engine.impl.interceptor.ExceptionCodeInterceptor.execute(ExceptionCodeInterceptor.java:55)
	at org.camunda.bpm.engine.impl.FormServiceImpl.submitStartForm(FormServiceImpl.java:79)
	at org.camunda.bpm.engine.rest.sub.repository.impl.ProcessDefinitionResourceImpl.submitForm(ProcessDefinitionResourceImpl.java:193)
	... 82 more
Caused by: javax.script.ScriptException: groovy.lang.MissingPropertyException: No such property: logger for class: Script2
	at org.codehaus.groovy.jsr223.GroovyScriptEngineImpl.eval(GroovyScriptEngineImpl.java:320)
	at org.codehaus.groovy.jsr223.GroovyCompiledScript.eval(GroovyCompiledScript.java:71)
	at java.scripting/javax.script.CompiledScript.eval(CompiledScript.java:93)
	at org.camunda.bpm.engine.impl.scripting.CompiledExecutableScript.evaluate(CompiledExecutableScript.java:55)
	... 169 more
Caused by: groovy.lang.MissingPropertyException: No such property: logger for class: Script2
	at org.codehaus.groovy.runtime.ScriptBytecodeAdapter.unwrap(ScriptBytecodeAdapter.java:65)
	at org.codehaus.groovy.runtime.callsite.PogoGetPropertySite.getProperty(PogoGetPropertySite.java:51)
	at org.codehaus.groovy.runtime.callsite.AbstractCallSite.callGroovyObjectGetProperty(AbstractCallSite.java:341)
	at Script2.run(Script2.groovy:2)
	at org.codehaus.groovy.jsr223.GroovyScriptEngineImpl.eval(GroovyScriptEngineImpl.java:317)
	... 172 more

2025-08-02T15:43:42.096-04:00  INFO 22735 --- [SpringApplicationShutdownHook] o.s.b.w.e.tomcat.GracefulShutdown        : Commencing graceful shutdown. Waiting for active requests to complete
2025-08-02T15:43:42.110-04:00  INFO 22735 --- [tomcat-shutdown] o.s.b.w.e.tomcat.GracefulShutdown        : Graceful shutdown complete
2025-08-02T15:43:42.300-04:00  INFO 22735 --- [SpringApplicationShutdownHook] org.camunda.bpm.engine.jobexecutor       : ENGINE-14015 Shutting down the JobExecutor[org.camunda.bpm.engine.spring.components.jobexecutor.SpringJobExecutor]
2025-08-02T15:43:42.300-04:00  INFO 22735 --- [JobExecutor[org.camunda.bpm.engine.spring.components.jobexecutor.SpringJobExecutor]] org.camunda.bpm.engine.jobexecutor       : ENGINE-14020 JobExecutor[org.camunda.bpm.engine.spring.components.jobexecutor.SpringJobExecutor] stopped job acquisition
2025-08-02T15:43:42.302-04:00  INFO 22735 --- [SpringApplicationShutdownHook] org.camunda.bpm.engine                   : ENGINE-00007 Process Engine default closed
2025-08-02T15:43:42.304-04:00  INFO 22735 --- [SpringApplicationShutdownHook] com.zaxxer.hikari.HikariDataSource       : HikariPool-1 - Shutdown initiated...
2025-08-02T15:43:42.330-04:00  INFO 22735 --- [SpringApplicationShutdownHook] com.zaxxer.hikari.HikariDataSource       : HikariPool-1 - Shutdown completed.
2025-08-02T15:44:15.945-04:00  INFO 22850 --- [main] com.workflow.practice.Application        : Starting Application using Java 21.0.8 with PID 22850 (/Users/sapnanaveen/Documents/JavaProjects/camundaWithSpringboot/newCamunda-app/target/classes started by sapnanaveen in /Users/sapnanaveen/Documents/JavaProjects/camundaWithSpringboot/newCamunda-app)
2025-08-02T15:44:15.955-04:00  INFO 22850 --- [main] com.workflow.practice.Application        : No active profile set, falling back to 1 default profile: "default"
2025-08-02T15:44:17.912-04:00  INFO 22850 --- [main] o.s.b.w.embedded.tomcat.TomcatWebServer  : Tomcat initialized with port 8080 (http)
2025-08-02T15:44:17.952-04:00  INFO 22850 --- [main] o.apache.catalina.core.StandardService   : Starting service [Tomcat]
2025-08-02T15:44:17.952-04:00  INFO 22850 --- [main] o.apache.catalina.core.StandardEngine    : Starting Servlet engine: [Apache Tomcat/10.1.39]
2025-08-02T15:44:18.054-04:00  INFO 22850 --- [main] o.a.c.c.C.[Tomcat].[localhost].[/]       : Initializing Spring embedded WebApplicationContext
2025-08-02T15:44:18.054-04:00  INFO 22850 --- [main] w.s.c.ServletWebServerApplicationContext : Root WebApplicationContext: initialization completed in 1636 ms
2025-08-02T15:44:18.165-04:00  INFO 22850 --- [main] .c.b.s.b.s.r.CamundaJerseyResourceConfig : Configuring camunda rest api.
2025-08-02T15:44:18.192-04:00  INFO 22850 --- [main] .c.b.s.b.s.r.CamundaJerseyResourceConfig : Finished configuring camunda rest api.
2025-08-02T15:44:18.459-04:00  INFO 22850 --- [main] org.camunda.bpm.spring.boot              : STARTER-SB040 Setting up jobExecutor with corePoolSize=3, maxPoolSize:10
2025-08-02T15:44:18.516-04:00  INFO 22850 --- [main] org.camunda.bpm.engine.cfg               : ENGINE-12003 Plugin 'CompositeProcessEnginePlugin[genericPropertiesConfiguration, camundaProcessEngineConfiguration, camundaDatasourceConfiguration, camundaJobConfiguration, camundaHistoryConfiguration, camundaMetricsConfiguration, camundaAuthorizationConfiguration, camundaDeploymentConfiguration, createAdminUserConfiguration, failedJobConfiguration, eventPublisherPlugin, ApplicationContextClassloaderSwitchPlugin, ConnectProcessEnginePlugin, SpringBootSpinProcessEnginePlugin]' activated on process engine 'default'
2025-08-02T15:44:19.866-04:00  INFO 22850 --- [main] org.camunda.bpm.spring.boot              : STARTER-SB021 Auto-Deploying resources: [file [/Users/sapnanaveen/Documents/JavaProjects/camundaWithSpringboot/newCamunda-app/target/classes/loan_eligibility.dmn], file [/Users/sapnanaveen/Documents/JavaProjects/camundaWithSpringboot/newCamunda-app/target/classes/gateways.bpmn], file [/Users/sapnanaveen/Documents/JavaProjects/camundaWithSpringboot/newCamunda-app/target/classes/subject_validation_multi_instance.dmn], file [/Users/sapnanaveen/Documents/JavaProjects/camundaWithSpringboot/newCamunda-app/target/classes/firstProcess.bpmn], file [/Users/sapnanaveen/Documents/JavaProjects/camundaWithSpringboot/newCamunda-app/target/classes/subject_code_name_error.dmn], file [/Users/sapnanaveen/Documents/JavaProjects/camundaWithSpringboot/newCamunda-app/target/classes/loan_eligibility_with_discount.dmn], file [/Users/sapnanaveen/Documents/JavaProjects/camundaWithSpringboot/newCamunda-app/target/classes/subject_attributes.dmn], file [/Users/sapnanaveen/Documents/JavaProjects/camundaWithSpringboot/newCamunda-app/target/classes/sequence_flow.bpmn], file [/Users/sapnanaveen/Documents/JavaProjects/camundaWithSpringboot/newCamunda-app/target/classes/subprocess_name_email.bpmn], file [/Users/sapnanaveen/Documents/JavaProjects/camundaWithSpringboot/newCamunda-app/target/classes/log.bpmn], file [/Users/sapnanaveen/Documents/JavaProjects/camundaWithSpringboot/newCamunda-app/target/classes/dmn.bpmn], file [/Users/sapnanaveen/Documents/JavaProjects/camundaWithSpringboot/newCamunda-app/target/classes/subprocess.bpmn], file [/Users/sapnanaveen/Documents/JavaProjects/camundaWithSpringboot/newCamunda-app/target/classes/subject_validation_collect.dmn], file [/Users/sapnanaveen/Documents/JavaProjects/camundaWithSpringboot/newCamunda-app/target/classes/subject_validation.dmn], file [/Users/sapnanaveen/Documents/JavaProjects/camundaWithSpringboot/newCamunda-app/target/classes/multi_instance.bpmn], file [/Users/sapnanaveen/Documents/JavaProjects/camundaWithSpringboot/newCamunda-app/target/classes/subject_id_name.dmn], file [/Users/sapnanaveen/Documents/JavaProjects/camundaWithSpringboot/newCamunda-app/target/classes/tasks.bpmn]]
2025-08-02T15:44:19.874-04:00  INFO 22850 --- [main] o.c.b.s.b.s.event.EventPublisherPlugin   : EVENTING-001: Initialized Camunda Spring Boot Eventing Engine Plugin.
2025-08-02T15:44:19.874-04:00  INFO 22850 --- [main] o.c.b.s.b.s.event.EventPublisherPlugin   : EVENTING-003: Task events will be published as Spring Events.
2025-08-02T15:44:19.874-04:00  INFO 22850 --- [main] o.c.b.s.b.s.event.EventPublisherPlugin   : EVENTING-005: Execution events will be published as Spring Events.
2025-08-02T15:44:19.874-04:00  INFO 22850 --- [main] o.c.b.s.b.s.event.EventPublisherPlugin   : EVENTING-009: Listeners will not be invoked if a skipCustomListeners API parameter is set to true by user.
2025-08-02T15:44:19.876-04:00  INFO 22850 --- [main] o.c.b.s.b.s.event.EventPublisherPlugin   : EVENTING-007: History events will be published as Spring events.
2025-08-02T15:44:20.046-04:00  INFO 22850 --- [main] org.camunda.bpm.connect                  : CNCT-01004 Discovered provider for connector id 'http-connector' and class 'org.camunda.connect.httpclient.impl.HttpConnectorImpl': 'org.camunda.connect.httpclient.impl.HttpConnectorProviderImpl'
2025-08-02T15:44:20.052-04:00  INFO 22850 --- [main] org.camunda.spin                         : SPIN-01010 Discovered Spin data format provider: org.camunda.spin.impl.json.jackson.format.JacksonJsonDataFormatProvider[name = application/json]
2025-08-02T15:44:20.139-04:00  INFO 22850 --- [main] org.camunda.spin                         : SPIN-01010 Discovered Spin data format provider: org.camunda.spin.impl.xml.dom.format.DomXmlDataFormatProvider[name = application/xml]
2025-08-02T15:44:20.207-04:00  INFO 22850 --- [main] org.camunda.spin                         : SPIN-01009 Discovered Spin data format: org.camunda.spin.impl.xml.dom.format.DomXmlDataFormat[name = application/xml]
2025-08-02T15:44:20.208-04:00  INFO 22850 --- [main] org.camunda.spin                         : SPIN-01009 Discovered Spin data format: org.camunda.spin.impl.json.jackson.format.JacksonJsonDataFormat[name = application/json]
2025-08-02T15:44:20.436-04:00  INFO 22850 --- [main] org.camunda.bpm.dmn.feel.scala           : FEEL/SCALA-01001 Spin value mapper detected
2025-08-02T15:44:20.604-04:00  INFO 22850 --- [main] com.zaxxer.hikari.HikariDataSource       : HikariPool-1 - Starting...
2025-08-02T15:44:21.000-04:00  INFO 22850 --- [main] com.zaxxer.hikari.pool.HikariPool        : HikariPool-1 - Added connection conn0: url=jdbc:h2:file:./camunda-h2-database user=
2025-08-02T15:44:21.004-04:00  INFO 22850 --- [main] com.zaxxer.hikari.HikariDataSource       : HikariPool-1 - Start completed.
2025-08-02T15:44:26.365-04:00  INFO 22850 --- [main] org.camunda.bpm.engine                   : ENGINE-00001 Process Engine default created.
2025-08-02T15:44:29.234-04:00  INFO 22850 --- [main] o.c.b.s.b.s.w.f.LazyInitRegistration     : lazy initialized org.camunda.bpm.spring.boot.starter.webapp.filter.LazySecurityFilter@2f4d32bf
2025-08-02T15:44:29.236-04:00  INFO 22850 --- [main] o.c.b.s.b.s.w.f.LazyInitRegistration     : lazy initialized org.camunda.bpm.spring.boot.starter.webapp.filter.LazyProcessEnginesFilter@4eb9ae4d
2025-08-02T15:44:29.248-04:00  WARN 22850 --- [main] .b.a.g.t.GroovyTemplateAutoConfiguration : Cannot find template location: classpath:/templates/ (please add some templates, check your Groovy configuration, or set spring.groovy.template.check-template-location=false)
2025-08-02T15:44:30.075-04:00  INFO 22850 --- [main] o.s.b.w.embedded.tomcat.TomcatWebServer  : Tomcat started on port 8080 (http) with context path '/'
2025-08-02T15:44:30.096-04:00  INFO 22850 --- [main] com.workflow.practice.Application        : Started Application in 14.831 seconds (process running for 15.377)
2025-08-02T15:44:30.099-04:00  INFO 22850 --- [main] org.camunda.bpm.engine.jobexecutor       : ENGINE-14014 Starting up the JobExecutor[org.camunda.bpm.engine.spring.components.jobexecutor.SpringJobExecutor].
2025-08-02T15:44:30.100-04:00  INFO 22850 --- [JobExecutor[org.camunda.bpm.engine.spring.components.jobexecutor.SpringJobExecutor]] org.camunda.bpm.engine.jobexecutor       : ENGINE-14018 JobExecutor[org.camunda.bpm.engine.spring.components.jobexecutor.SpringJobExecutor] starting to acquire jobs
2025-08-02T15:45:17.990-04:00  INFO 22850 --- [http-nio-8080-exec-1] o.a.c.c.C.[Tomcat].[localhost].[/]       : Initializing Spring DispatcherServlet 'dispatcherServlet'
2025-08-02T15:45:17.991-04:00  INFO 22850 --- [http-nio-8080-exec-1] o.s.web.servlet.DispatcherServlet        : Initializing Servlet 'dispatcherServlet'
2025-08-02T15:45:17.996-04:00  INFO 22850 --- [http-nio-8080-exec-1] o.s.web.servlet.DispatcherServlet        : Completed initialization in 5 ms
2025-08-02T15:45:30.219-04:00  INFO 22850 --- [http-nio-8080-exec-7] BPMN_SCRIPT_LOGS                         : Executing Groovy script in process instance: 3e953f1b-6fd9-11f0-8461-de37854a4d8a
2025-08-02T15:45:30.220-04:00  INFO 22850 --- [http-nio-8080-exec-7] BPMN_SCRIPT_LOGS                         : This is a corrected log message from a Groovy script task.
